2026-03-02 16:17:47,226 - INFO - Entorno Docker detectado, usando host 'db'
2026-03-02 16:17:47,559 - INFO - Tabla anr_padron_2026 verficada.
2026-03-02 16:17:47,623 - INFO - Auto-resume activado. Max CI en DB: 1,503,342 (Total: 216,025). Iniciando desde: 1,503,343
2026-03-02 16:17:47,683 - INFO - Verificando cédulas ya descargadas en rango 1503343-2000000...
2026-03-02 16:17:47,745 - INFO -   -> 0 cedulas ya descargadas, seran omitidas.
2026-03-02 16:17:47,794 - INFO - Quedan 496658 cedulas por descargar.
2026-03-02 16:17:47,796 - INFO - Iniciando descarga de 496658 cedulas con concurrencia=50...
2026-03-02 16:18:02,981 - INFO - [0.1%] 276/496,658 CIs | Guardadas: 0 (0% hit) | Vel: 18 CI/s | ETA: 455 min
2026-03-02 16:18:18,095 - INFO - [0.1%] 569/496,658 CIs | Guardadas: 0 (0% hit) | Vel: 19 CI/s | ETA: 440 min
2026-03-02 16:18:33,204 - INFO - [0.2%] 879/496,658 CIs | Guardadas: 0 (0% hit) | Vel: 19 CI/s | ETA: 427 min
2026-03-02 16:18:48,323 - INFO - [0.2%] 1,145/496,658 CIs | Guardadas: 0 (0% hit) | Vel: 19 CI/s | ETA: 437 min
2026-03-02 16:19:03,359 - INFO - [0.3%] 1,447/496,658 CIs | Guardadas: 0 (0% hit) | Vel: 19 CI/s | ETA: 431 min
2026-03-02 16:19:18,459 - INFO - [0.3%] 1,724/496,658 CIs | Guardadas: 0 (0% hit) | Vel: 19 CI/s | ETA: 434 min
2026-03-02 16:19:33,458 - INFO - [0.4%] 1,998/496,658 CIs | Guardadas: 0 (0% hit) | Vel: 19 CI/s | ETA: 436 min
2026-03-02 16:19:51,680 - INFO - Entorno Docker detectado, usando host 'db'
2026-03-02 16:19:51,957 - INFO - Tabla anr_padron_2026 verficada.
2026-03-02 16:19:52,018 - INFO - Auto-resume activado. Max CI en DB: 1,503,342 (Total: 216,025). Iniciando desde: 1,503,343
2026-03-02 16:19:52,058 - INFO - Verificando cédulas ya descargadas en rango 1503343-2000000...
2026-03-02 16:19:52,115 - INFO -   -> 0 cedulas ya descargadas, seran omitidas.
2026-03-02 16:19:52,148 - INFO - Quedan 496658 cedulas por descargar.
2026-03-02 16:19:52,149 - INFO - Iniciando descarga de 496658 cedulas con concurrencia=50...
2026-03-02 16:20:07,454 - INFO - [0.1%] 277/496,658 CIs | Guardadas: 0 (0% hit) | Vel: 18 CI/s | ETA: 457 min
2026-03-02 16:20:22,461 - INFO - [0.1%] 531/496,658 CIs | Guardadas: 0 (0% hit) | Vel: 18 CI/s | ETA: 472 min
2026-03-02 16:20:37,624 - INFO - [0.2%] 806/496,658 CIs | Guardadas: 0 (0% hit) | Vel: 18 CI/s | ETA: 466 min
2026-03-02 16:20:52,706 - INFO - [0.2%] 1,093/496,658 CIs | Guardadas: 0 (0% hit) | Vel: 18 CI/s | ETA: 458 min
2026-03-02 16:21:07,805 - INFO - [0.3%] 1,347/496,658 CIs | Guardadas: 0 (0% hit) | Vel: 18 CI/s | ETA: 464 min
2026-03-02 16:21:22,848 - INFO - [0.3%] 1,602/496,658 CIs | Guardadas: 0 (0% hit) | Vel: 18 CI/s | ETA: 467 min
2026-03-02 16:21:38,013 - INFO - [0.4%] 1,888/496,658 CIs | Guardadas: 0 (0% hit) | Vel: 18 CI/s | ETA: 462 min
2026-03-02 16:21:53,081 - INFO - [0.4%] 2,114/496,658 CIs | Guardadas: 0 (0% hit) | Vel: 17 CI/s | ETA: 472 min
2026-03-02 16:22:08,080 - INFO - [0.5%] 2,442/496,658 CIs | Guardadas: 0 (0% hit) | Vel: 18 CI/s | ETA: 458 min
2026-03-02 16:22:23,152 - INFO - [0.6%] 2,745/496,658 CIs | Guardadas: 1,000 (36% hit) | Vel: 18 CI/s | ETA: 453 min
2026-03-02 16:22:38,161 - INFO - [0.6%] 3,010/496,658 CIs | Guardadas: 1,000 (33% hit) | Vel: 18 CI/s | ETA: 454 min
2026-03-02 16:22:53,313 - INFO - [0.7%] 3,323/496,658 CIs | Guardadas: 1,000 (30% hit) | Vel: 18 CI/s | ETA: 448 min
2026-03-02 16:23:08,418 - INFO - [0.7%] 3,615/496,658 CIs | Guardadas: 1,000 (28% hit) | Vel: 18 CI/s | ETA: 446 min
2026-03-02 16:23:23,419 - INFO - [0.8%] 3,932/496,658 CIs | Guardadas: 1,000 (25% hit) | Vel: 19 CI/s | ETA: 441 min
2026-03-02 16:23:38,563 - INFO - [0.9%] 4,259/496,658 CIs | Guardadas: 1,000 (23% hit) | Vel: 19 CI/s | ETA: 436 min
2026-03-02 16:23:53,586 - INFO - [0.9%] 4,481/496,658 CIs | Guardadas: 1,000 (22% hit) | Vel: 19 CI/s | ETA: 442 min
2026-03-02 16:24:08,739 - INFO - [1.0%] 4,778/496,658 CIs | Guardadas: 1,000 (21% hit) | Vel: 19 CI/s | ETA: 440 min
2026-03-02 16:24:23,855 - INFO - [1.0%] 5,004/496,658 CIs | Guardadas: 1,000 (20% hit) | Vel: 18 CI/s | ETA: 445 min
2026-03-02 16:24:38,943 - INFO - [1.1%] 5,282/496,658 CIs | Guardadas: 2,000 (38% hit) | Vel: 18 CI/s | ETA: 445 min
2026-03-02 16:24:54,057 - INFO - [1.1%] 5,620/496,658 CIs | Guardadas: 2,000 (36% hit) | Vel: 19 CI/s | ETA: 440 min
2026-03-02 16:25:09,139 - INFO - [1.2%] 5,868/496,658 CIs | Guardadas: 2,000 (34% hit) | Vel: 19 CI/s | ETA: 442 min
2026-03-02 16:25:24,244 - INFO - [1.2%] 6,120/496,658 CIs | Guardadas: 2,000 (33% hit) | Vel: 18 CI/s | ETA: 444 min
2026-03-02 16:25:39,420 - INFO - [1.3%] 6,416/496,658 CIs | Guardadas: 2,000 (31% hit) | Vel: 18 CI/s | ETA: 442 min
2026-03-02 16:25:54,498 - INFO - [1.3%] 6,672/496,658 CIs | Guardadas: 2,000 (30% hit) | Vel: 18 CI/s | ETA: 444 min
2026-03-02 16:26:09,577 - INFO - [1.4%] 6,962/496,658 CIs | Guardadas: 2,000 (29% hit) | Vel: 18 CI/s | ETA: 442 min
2026-03-02 16:26:24,694 - INFO - [1.5%] 7,227/496,658 CIs | Guardadas: 2,000 (28% hit) | Vel: 18 CI/s | ETA: 443 min
2026-03-02 16:26:39,805 - INFO - [1.5%] 7,557/496,658 CIs | Guardadas: 3,000 (40% hit) | Vel: 19 CI/s | ETA: 440 min
2026-03-02 16:26:54,900 - INFO - [1.6%] 7,784/496,658 CIs | Guardadas: 3,000 (39% hit) | Vel: 18 CI/s | ETA: 443 min
2026-03-02 16:27:09,900 - INFO - [1.6%] 8,047/496,658 CIs | Guardadas: 3,000 (37% hit) | Vel: 18 CI/s | ETA: 443 min
2026-03-02 16:27:25,030 - INFO - [1.7%] 8,343/496,658 CIs | Guardadas: 3,000 (36% hit) | Vel: 18 CI/s | ETA: 442 min
2026-03-02 16:27:56,817 - INFO - Entorno Docker detectado, usando host 'db'
2026-03-02 16:27:57,193 - INFO - Tabla anr_padron_2026 verficada.
2026-03-02 16:27:57,257 - INFO - Auto-resume activado. Max CI en DB: 1,510,793 (Total: 219,025). Iniciando desde: 1,510,794
2026-03-02 16:27:57,300 - INFO - Verificando cédulas ya descargadas en rango 1510794-2000000...
2026-03-02 16:27:57,349 - INFO -   -> 0 cedulas ya descargadas, seran omitidas.
2026-03-02 16:27:57,383 - INFO - Quedan 489207 cedulas por descargar.
2026-03-02 16:27:57,384 - INFO - Iniciando descarga de 489207 cedulas con concurrencia=100...
2026-03-02 16:28:12,664 - INFO - [0.0%] 222/489,207 CIs | Guardadas: 0 (0% hit) | Vel: 15 CI/s | ETA: 561 min
2026-03-02 16:28:27,981 - INFO - [0.1%] 439/489,207 CIs | Guardadas: 0 (0% hit) | Vel: 14 CI/s | ETA: 568 min
2026-03-02 16:28:43,146 - INFO - [0.1%] 626/489,207 CIs | Guardadas: 0 (0% hit) | Vel: 14 CI/s | ETA: 595 min
2026-03-02 16:28:58,296 - INFO - [0.2%] 819/489,207 CIs | Guardadas: 0 (0% hit) | Vel: 13 CI/s | ETA: 605 min
2026-03-02 16:29:13,439 - INFO - [0.2%] 1,011/489,207 CIs | Guardadas: 0 (0% hit) | Vel: 13 CI/s | ETA: 612 min
2026-03-02 16:29:28,588 - INFO - [0.2%] 1,205/489,207 CIs | Guardadas: 0 (0% hit) | Vel: 13 CI/s | ETA: 616 min
2026-03-02 16:29:43,722 - INFO - [0.3%] 1,397/489,207 CIs | Guardadas: 0 (0% hit) | Vel: 13 CI/s | ETA: 619 min
2026-03-02 16:29:58,889 - INFO - [0.3%] 1,613/489,207 CIs | Guardadas: 0 (0% hit) | Vel: 13 CI/s | ETA: 612 min
2026-03-02 16:30:14,515 - INFO - [0.4%] 1,887/489,207 CIs | Guardadas: 0 (0% hit) | Vel: 14 CI/s | ETA: 590 min
2026-03-02 16:30:29,626 - INFO - [0.4%] 2,066/489,207 CIs | Guardadas: 0 (0% hit) | Vel: 14 CI/s | ETA: 598 min
2026-03-02 16:30:44,758 - INFO - [0.5%] 2,255/489,207 CIs | Guardadas: 0 (0% hit) | Vel: 13 CI/s | ETA: 602 min
2026-03-02 16:30:59,985 - INFO - [0.5%] 2,470/489,207 CIs | Guardadas: 0 (0% hit) | Vel: 14 CI/s | ETA: 600 min
2026-03-02 16:31:15,123 - INFO - [0.5%] 2,643/489,207 CIs | Guardadas: 0 (0% hit) | Vel: 13 CI/s | ETA: 607 min
2026-03-02 16:31:30,273 - INFO - [0.6%] 2,852/489,207 CIs | Guardadas: 0 (0% hit) | Vel: 13 CI/s | ETA: 605 min
2026-03-02 16:31:45,456 - INFO - [0.6%] 3,036/489,207 CIs | Guardadas: 0 (0% hit) | Vel: 13 CI/s | ETA: 609 min
2026-03-02 16:32:00,650 - INFO - [0.7%] 3,235/489,207 CIs | Guardadas: 0 (0% hit) | Vel: 13 CI/s | ETA: 609 min
2026-03-02 16:32:15,857 - INFO - [0.7%] 3,446/489,207 CIs | Guardadas: 0 (0% hit) | Vel: 13 CI/s | ETA: 607 min
2026-03-02 16:32:31,073 - INFO - [0.7%] 3,645/489,207 CIs | Guardadas: 0 (0% hit) | Vel: 13 CI/s | ETA: 608 min
2026-03-02 18:53:25,191 - INFO - Entorno Docker detectado, usando host 'db'
2026-03-02 18:53:26,121 - INFO - Tabla anr_padron_2026 verficada.
2026-03-02 18:53:26,459 - INFO - Auto-resume activado. Max CI en DB: 1,573,407 (Total: 242,025). Iniciando desde: 1,573,408
2026-03-02 18:53:26,499 - INFO - Verificando cédulas ya descargadas en rango 1573408-2000000...
2026-03-02 18:53:26,557 - INFO -   -> 0 cedulas ya descargadas, seran omitidas.
2026-03-02 18:53:26,588 - INFO - Quedan 426593 cedulas por descargar.
2026-03-02 18:53:26,589 - INFO - Iniciando descarga de 426593 cedulas con concurrencia=100...
2026-03-02 18:53:42,175 - INFO - [0.1%] 274/426,593 CIs | Guardadas: 0 (0% hit) | Vel: 18 CI/s | ETA: 404 min
2026-03-02 18:53:57,173 - INFO - [0.1%] 377/426,593 CIs | Guardadas: 0 (0% hit) | Vel: 12 CI/s | ETA: 576 min
2026-03-02 18:54:12,175 - INFO - [0.1%] 487/426,593 CIs | Guardadas: 0 (0% hit) | Vel: 11 CI/s | ETA: 665 min
2026-03-02 18:54:27,171 - INFO - [0.2%] 697/426,593 CIs | Guardadas: 0 (0% hit) | Vel: 12 CI/s | ETA: 617 min
2026-03-02 18:54:42,174 - INFO - [0.2%] 928/426,593 CIs | Guardadas: 0 (0% hit) | Vel: 12 CI/s | ETA: 578 min
2026-03-02 18:54:57,173 - INFO - [0.3%] 1,141/426,593 CIs | Guardadas: 0 (0% hit) | Vel: 13 CI/s | ETA: 563 min
2026-03-02 18:55:12,175 - INFO - [0.3%] 1,299/426,593 CIs | Guardadas: 0 (0% hit) | Vel: 12 CI/s | ETA: 576 min
2026-03-02 18:55:27,181 - INFO - [0.4%] 1,526/426,593 CIs | Guardadas: 0 (0% hit) | Vel: 13 CI/s | ETA: 560 min
2026-03-02 18:55:42,183 - INFO - [0.4%] 1,837/426,593 CIs | Guardadas: 0 (0% hit) | Vel: 14 CI/s | ETA: 523 min
2026-03-02 18:55:57,387 - INFO - [0.5%] 2,184/426,593 CIs | Guardadas: 0 (0% hit) | Vel: 14 CI/s | ETA: 488 min
2026-03-02 18:56:12,530 - INFO - [0.5%] 2,327/426,593 CIs | Guardadas: 0 (0% hit) | Vel: 14 CI/s | ETA: 504 min
2026-03-02 18:56:27,876 - INFO - [0.6%] 2,529/426,593 CIs | Guardadas: 0 (0% hit) | Vel: 14 CI/s | ETA: 507 min
2026-03-02 18:56:42,880 - INFO - [0.6%] 2,715/426,593 CIs | Guardadas: 0 (0% hit) | Vel: 14 CI/s | ETA: 511 min
2026-03-02 18:56:58,089 - INFO - [0.7%] 2,951/426,593 CIs | Guardadas: 0 (0% hit) | Vel: 14 CI/s | ETA: 506 min
2026-03-02 18:57:13,150 - INFO - [0.7%] 3,130/426,593 CIs | Guardadas: 0 (0% hit) | Vel: 14 CI/s | ETA: 511 min
2026-03-02 18:57:28,305 - INFO - [0.8%] 3,387/426,593 CIs | Guardadas: 0 (0% hit) | Vel: 14 CI/s | ETA: 503 min
2026-03-02 18:57:43,429 - INFO - [0.8%] 3,559/426,593 CIs | Guardadas: 0 (0% hit) | Vel: 14 CI/s | ETA: 509 min
2026-03-02 18:57:58,536 - INFO - [0.9%] 3,734/426,593 CIs | Guardadas: 0 (0% hit) | Vel: 14 CI/s | ETA: 513 min
2026-03-02 18:58:13,665 - INFO - [0.9%] 3,908/426,593 CIs | Guardadas: 0 (0% hit) | Vel: 14 CI/s | ETA: 517 min
2026-03-02 18:58:28,846 - INFO - [1.0%] 4,076/426,593 CIs | Guardadas: 0 (0% hit) | Vel: 13 CI/s | ETA: 522 min
2026-03-02 18:58:44,029 - INFO - [1.0%] 4,277/426,593 CIs | Guardadas: 0 (0% hit) | Vel: 13 CI/s | ETA: 522 min
2026-03-02 18:58:59,138 - INFO - [1.0%] 4,451/426,593 CIs | Guardadas: 0 (0% hit) | Vel: 13 CI/s | ETA: 526 min
2026-03-02 18:59:14,305 - INFO - [1.1%] 4,614/426,593 CIs | Guardadas: 0 (0% hit) | Vel: 13 CI/s | ETA: 530 min
2026-03-02 18:59:29,343 - INFO - [1.1%] 4,800/426,593 CIs | Guardadas: 0 (0% hit) | Vel: 13 CI/s | ETA: 531 min
2026-03-02 18:59:44,354 - INFO - [1.2%] 5,142/426,593 CIs | Guardadas: 0 (0% hit) | Vel: 14 CI/s | ETA: 516 min
2026-03-02 18:59:59,356 - INFO - [1.3%] 5,525/426,593 CIs | Guardadas: 0 (0% hit) | Vel: 14 CI/s | ETA: 499 min
2026-03-02 19:00:14,550 - INFO - [1.4%] 5,883/426,593 CIs | Guardadas: 0 (0% hit) | Vel: 14 CI/s | ETA: 486 min
2026-03-02 19:00:29,552 - INFO - [1.4%] 6,022/426,593 CIs | Guardadas: 0 (0% hit) | Vel: 14 CI/s | ETA: 492 min
2026-03-02 19:00:44,551 - INFO - [1.4%] 6,123/426,593 CIs | Guardadas: 0 (0% hit) | Vel: 14 CI/s | ETA: 501 min
2026-03-02 19:00:59,557 - INFO - [1.5%] 6,230/426,593 CIs | Guardadas: 0 (0% hit) | Vel: 14 CI/s | ETA: 509 min
2026-03-02 19:01:14,561 - INFO - [1.5%] 6,344/426,593 CIs | Guardadas: 2,000 (32% hit) | Vel: 14 CI/s | ETA: 517 min
2026-03-02 19:01:29,565 - INFO - [1.5%] 6,491/426,593 CIs | Guardadas: 2,000 (31% hit) | Vel: 13 CI/s | ETA: 521 min
2026-03-02 19:01:44,708 - INFO - [1.6%] 6,735/426,593 CIs | Guardadas: 2,000 (30% hit) | Vel: 14 CI/s | ETA: 518 min
2026-03-02 19:01:59,774 - INFO - [1.6%] 6,908/426,593 CIs | Guardadas: 2,000 (29% hit) | Vel: 13 CI/s | ETA: 520 min
2026-03-02 19:02:14,773 - INFO - [1.6%] 7,027/426,593 CIs | Guardadas: 2,000 (28% hit) | Vel: 13 CI/s | ETA: 526 min
2026-03-02 19:02:29,775 - INFO - [1.7%] 7,150/426,593 CIs | Guardadas: 2,000 (28% hit) | Vel: 13 CI/s | ETA: 531 min
2026-03-02 19:02:44,772 - INFO - [1.7%] 7,286/426,593 CIs | Guardadas: 2,000 (27% hit) | Vel: 13 CI/s | ETA: 535 min
2026-03-02 19:02:59,829 - INFO - [1.7%] 7,423/426,593 CIs | Guardadas: 2,000 (27% hit) | Vel: 13 CI/s | ETA: 540 min
2026-03-02 19:03:14,907 - INFO - [1.8%] 7,631/426,593 CIs | Guardadas: 2,000 (26% hit) | Vel: 13 CI/s | ETA: 538 min
2026-03-02 19:03:58,821 - INFO - Entorno Docker detectado, usando host 'db'
2026-03-02 19:03:59,157 - INFO - Tabla anr_padron_2026 verficada.
2026-03-02 19:03:59,484 - INFO - Auto-resume activado. Max CI en DB: 1,582,753 (Total: 245,085). Iniciando desde: 1,582,754
2026-03-02 19:03:59,522 - INFO - Verificando cédulas ya descargadas en rango 1582754-2000000...
2026-03-02 19:03:59,570 - INFO -   -> 0 cedulas ya descargadas, seran omitidas.
2026-03-02 19:03:59,599 - INFO - Quedan 417247 cedulas por descargar.
2026-03-02 19:03:59,600 - INFO - Iniciando descarga de 417247 cedulas con concurrencia=100...
2026-03-02 19:04:14,768 - INFO - [0.0%] 106/417,247 CIs | Guardadas: 0 (0% hit) | Vel: 7 CI/s | ETA: 995 min
2026-03-02 19:04:29,772 - INFO - [0.1%] 245/417,247 CIs | Guardadas: 0 (0% hit) | Vel: 8 CI/s | ETA: 856 min
2026-03-02 19:04:44,770 - INFO - [0.1%] 602/417,247 CIs | Guardadas: 0 (0% hit) | Vel: 13 CI/s | ETA: 521 min
2026-03-02 19:04:59,915 - INFO - [0.2%] 846/417,247 CIs | Guardadas: 0 (0% hit) | Vel: 14 CI/s | ETA: 495 min
2026-03-02 19:05:15,120 - INFO - [0.3%] 1,050/417,247 CIs | Guardadas: 0 (0% hit) | Vel: 14 CI/s | ETA: 499 min
2026-03-02 19:05:30,430 - INFO - [0.3%] 1,293/417,247 CIs | Guardadas: 0 (0% hit) | Vel: 14 CI/s | ETA: 487 min
2026-03-02 19:05:45,653 - INFO - [0.4%] 1,481/417,247 CIs | Guardadas: 0 (0% hit) | Vel: 14 CI/s | ETA: 496 min
2026-03-02 19:06:00,671 - INFO - [0.4%] 1,649/417,247 CIs | Guardadas: 0 (0% hit) | Vel: 14 CI/s | ETA: 509 min
2026-03-02 19:06:15,670 - INFO - [0.5%] 1,902/417,247 CIs | Guardadas: 0 (0% hit) | Vel: 14 CI/s | ETA: 495 min
2026-03-02 19:06:30,824 - INFO - [0.5%] 2,099/417,247 CIs | Guardadas: 0 (0% hit) | Vel: 14 CI/s | ETA: 498 min
2026-03-02 19:06:45,994 - INFO - [0.5%] 2,294/417,247 CIs | Guardadas: 0 (0% hit) | Vel: 14 CI/s | ETA: 502 min
2026-03-02 19:07:00,995 - INFO - [0.6%] 2,520/417,247 CIs | Guardadas: 0 (0% hit) | Vel: 14 CI/s | ETA: 498 min
2026-03-02 19:07:16,141 - INFO - [0.7%] 2,818/417,247 CIs | Guardadas: 0 (0% hit) | Vel: 14 CI/s | ETA: 482 min
2026-03-02 19:07:31,407 - INFO - [0.7%] 3,103/417,247 CIs | Guardadas: 0 (0% hit) | Vel: 15 CI/s | ETA: 471 min
2026-03-02 19:07:46,417 - INFO - [0.8%] 3,252/417,247 CIs | Guardadas: 0 (0% hit) | Vel: 14 CI/s | ETA: 481 min
2026-03-02 19:08:01,616 - INFO - [0.8%] 3,459/417,247 CIs | Guardadas: 0 (0% hit) | Vel: 14 CI/s | ETA: 483 min
2026-03-02 19:08:16,891 - INFO - [0.9%] 3,701/417,247 CIs | Guardadas: 0 (0% hit) | Vel: 14 CI/s | ETA: 479 min
2026-03-02 19:08:32,007 - INFO - [0.9%] 3,913/417,247 CIs | Guardadas: 0 (0% hit) | Vel: 14 CI/s | ETA: 480 min
2026-03-02 19:08:47,005 - INFO - [1.0%] 4,086/417,247 CIs | Guardadas: 0 (0% hit) | Vel: 14 CI/s | ETA: 484 min
2026-03-02 19:09:02,007 - INFO - [1.0%] 4,376/417,247 CIs | Guardadas: 0 (0% hit) | Vel: 14 CI/s | ETA: 476 min
2026-03-02 19:09:17,148 - INFO - [1.1%] 4,646/417,247 CIs | Guardadas: 0 (0% hit) | Vel: 15 CI/s | ETA: 470 min
2026-03-02 19:09:32,337 - INFO - [1.2%] 4,873/417,247 CIs | Guardadas: 0 (0% hit) | Vel: 15 CI/s | ETA: 469 min
2026-03-02 19:09:47,454 - INFO - [1.2%] 5,041/417,247 CIs | Guardadas: 0 (0% hit) | Vel: 14 CI/s | ETA: 474 min
2026-03-02 19:10:02,456 - INFO - [1.3%] 5,221/417,247 CIs | Guardadas: 0 (0% hit) | Vel: 14 CI/s | ETA: 477 min
2026-03-02 19:10:17,456 - INFO - [1.3%] 5,492/417,247 CIs | Guardadas: 2,000 (36% hit) | Vel: 15 CI/s | ETA: 472 min
2026-03-02 19:10:32,622 - INFO - [1.4%] 5,814/417,247 CIs | Guardadas: 2,000 (34% hit) | Vel: 15 CI/s | ETA: 464 min
2026-03-02 19:10:47,621 - INFO - [1.4%] 5,929/417,247 CIs | Guardadas: 2,000 (34% hit) | Vel: 15 CI/s | ETA: 472 min
2026-03-02 19:11:02,622 - INFO - [1.5%] 6,086/417,247 CIs | Guardadas: 2,000 (33% hit) | Vel: 14 CI/s | ETA: 476 min
2026-03-02 19:11:17,624 - INFO - [1.5%] 6,270/417,247 CIs | Guardadas: 2,000 (32% hit) | Vel: 14 CI/s | ETA: 479 min
2026-03-02 19:11:32,625 - INFO - [1.6%] 6,484/417,247 CIs | Guardadas: 2,000 (31% hit) | Vel: 14 CI/s | ETA: 478 min
2026-03-02 19:11:47,735 - INFO - [1.6%] 6,715/417,247 CIs | Guardadas: 2,000 (30% hit) | Vel: 14 CI/s | ETA: 477 min
2026-03-02 19:12:02,956 - INFO - [1.7%] 6,913/417,247 CIs | Guardadas: 2,000 (29% hit) | Vel: 14 CI/s | ETA: 478 min
2026-03-02 19:12:18,072 - INFO - [1.7%] 7,091/417,247 CIs | Guardadas: 2,000 (28% hit) | Vel: 14 CI/s | ETA: 481 min
2026-03-02 19:12:33,353 - INFO - [1.8%] 7,304/417,247 CIs | Guardadas: 2,000 (27% hit) | Vel: 14 CI/s | ETA: 481 min
2026-03-02 19:12:48,578 - INFO - [1.8%] 7,522/417,247 CIs | Guardadas: 2,000 (27% hit) | Vel: 14 CI/s | ETA: 480 min
2026-03-02 19:13:03,737 - INFO - [1.8%] 7,700/417,247 CIs | Guardadas: 2,000 (26% hit) | Vel: 14 CI/s | ETA: 482 min
2026-03-02 19:13:18,925 - INFO - [1.9%] 7,873/417,247 CIs | Guardadas: 2,000 (25% hit) | Vel: 14 CI/s | ETA: 485 min
2026-03-02 19:13:33,927 - INFO - [1.9%] 8,034/417,247 CIs | Guardadas: 2,000 (25% hit) | Vel: 14 CI/s | ETA: 488 min
2026-03-02 19:13:49,136 - INFO - [2.0%] 8,253/417,247 CIs | Guardadas: 2,000 (24% hit) | Vel: 14 CI/s | ETA: 487 min
2026-03-02 19:14:04,147 - INFO - [2.0%] 8,430/417,247 CIs | Guardadas: 2,000 (24% hit) | Vel: 14 CI/s | ETA: 489 min
2026-03-02 19:14:19,257 - INFO - [2.1%] 8,652/417,247 CIs | Guardadas: 2,000 (23% hit) | Vel: 14 CI/s | ETA: 488 min
2026-03-02 19:14:34,504 - INFO - [2.1%] 8,902/417,247 CIs | Guardadas: 2,000 (22% hit) | Vel: 14 CI/s | ETA: 485 min
2026-03-02 19:14:49,505 - INFO - [2.2%] 9,085/417,247 CIs | Guardadas: 2,000 (22% hit) | Vel: 14 CI/s | ETA: 487 min
2026-03-02 19:15:04,646 - INFO - [2.2%] 9,293/417,247 CIs | Guardadas: 2,000 (22% hit) | Vel: 14 CI/s | ETA: 487 min
2026-03-02 19:15:19,751 - INFO - [2.3%] 9,536/417,247 CIs | Guardadas: 2,000 (21% hit) | Vel: 14 CI/s | ETA: 485 min
2026-03-02 19:15:34,993 - INFO - [2.3%] 9,747/417,247 CIs | Guardadas: 2,000 (21% hit) | Vel: 14 CI/s | ETA: 485 min
2026-03-02 19:15:50,197 - INFO - [2.4%] 9,893/417,247 CIs | Guardadas: 2,000 (20% hit) | Vel: 14 CI/s | ETA: 488 min
2026-03-02 19:16:05,495 - INFO - [2.4%] 10,034/417,247 CIs | Guardadas: 2,000 (20% hit) | Vel: 14 CI/s | ETA: 491 min
2026-03-02 19:16:20,615 - INFO - [2.5%] 10,382/417,247 CIs | Guardadas: 2,000 (19% hit) | Vel: 14 CI/s | ETA: 484 min
2026-03-02 19:16:35,783 - INFO - [2.5%] 10,563/417,247 CIs | Guardadas: 2,000 (19% hit) | Vel: 14 CI/s | ETA: 485 min
2026-03-02 19:16:50,783 - INFO - [2.6%] 10,841/417,247 CIs | Guardadas: 4,000 (37% hit) | Vel: 14 CI/s | ETA: 482 min
2026-03-02 19:17:05,952 - INFO - [2.7%] 11,127/417,247 CIs | Guardadas: 4,000 (36% hit) | Vel: 14 CI/s | ETA: 478 min
2026-03-02 19:17:21,127 - INFO - [2.7%] 11,365/417,247 CIs | Guardadas: 4,000 (35% hit) | Vel: 14 CI/s | ETA: 477 min
2026-03-02 19:17:36,129 - INFO - [2.8%] 11,616/417,247 CIs | Guardadas: 4,000 (34% hit) | Vel: 14 CI/s | ETA: 475 min
2026-03-02 19:17:51,201 - INFO - [2.8%] 11,830/417,247 CIs | Guardadas: 4,000 (34% hit) | Vel: 14 CI/s | ETA: 475 min
2026-03-02 19:18:06,308 - INFO - [2.9%] 12,057/417,247 CIs | Guardadas: 4,000 (33% hit) | Vel: 14 CI/s | ETA: 474 min
2026-03-02 19:18:21,496 - INFO - [2.9%] 12,248/417,247 CIs | Guardadas: 4,000 (33% hit) | Vel: 14 CI/s | ETA: 475 min
2026-03-02 19:18:36,623 - INFO - [3.0%] 12,417/417,247 CIs | Guardadas: 4,000 (32% hit) | Vel: 14 CI/s | ETA: 477 min
2026-03-02 19:18:52,215 - INFO - [3.0%] 12,656/417,247 CIs | Guardadas: 4,000 (32% hit) | Vel: 14 CI/s | ETA: 476 min
2026-03-02 19:19:07,469 - INFO - [3.1%] 12,850/417,247 CIs | Guardadas: 4,000 (31% hit) | Vel: 14 CI/s | ETA: 476 min
2026-03-02 19:19:22,621 - INFO - [3.1%] 13,038/417,247 CIs | Guardadas: 4,000 (31% hit) | Vel: 14 CI/s | ETA: 477 min
2026-03-02 19:19:37,749 - INFO - [3.2%] 13,207/417,247 CIs | Guardadas: 4,000 (30% hit) | Vel: 14 CI/s | ETA: 478 min
2026-03-02 19:19:52,958 - INFO - [3.2%] 13,406/417,247 CIs | Guardadas: 4,000 (30% hit) | Vel: 14 CI/s | ETA: 479 min
2026-03-02 19:20:08,209 - INFO - [3.3%] 13,609/417,247 CIs | Guardadas: 4,000 (29% hit) | Vel: 14 CI/s | ETA: 479 min
2026-03-02 19:20:23,394 - INFO - [3.3%] 13,784/417,247 CIs | Guardadas: 4,000 (29% hit) | Vel: 14 CI/s | ETA: 480 min
2026-03-02 19:20:38,550 - INFO - [3.3%] 13,968/417,247 CIs | Guardadas: 4,000 (29% hit) | Vel: 14 CI/s | ETA: 481 min
2026-03-02 19:20:53,549 - INFO - [3.4%] 14,141/417,247 CIs | Guardadas: 4,000 (28% hit) | Vel: 14 CI/s | ETA: 482 min
2026-03-02 19:21:08,585 - INFO - [3.5%] 14,465/417,247 CIs | Guardadas: 4,000 (28% hit) | Vel: 14 CI/s | ETA: 478 min
2026-03-02 19:21:23,741 - INFO - [3.5%] 14,723/417,247 CIs | Guardadas: 4,000 (27% hit) | Vel: 14 CI/s | ETA: 476 min
2026-03-02 19:21:38,878 - INFO - [3.6%] 14,912/417,247 CIs | Guardadas: 4,000 (27% hit) | Vel: 14 CI/s | ETA: 476 min
2026-03-02 19:21:54,069 - INFO - [3.6%] 15,113/417,247 CIs | Guardadas: 4,000 (26% hit) | Vel: 14 CI/s | ETA: 476 min
2026-03-02 19:22:09,215 - INFO - [3.7%] 15,283/417,247 CIs | Guardadas: 4,000 (26% hit) | Vel: 14 CI/s | ETA: 478 min
2026-03-02 19:22:24,358 - INFO - [3.7%] 15,453/417,247 CIs | Guardadas: 4,000 (26% hit) | Vel: 14 CI/s | ETA: 479 min
2026-03-02 19:22:39,740 - INFO - [3.8%] 15,757/417,247 CIs | Guardadas: 4,000 (25% hit) | Vel: 14 CI/s | ETA: 476 min
2026-03-02 19:22:54,892 - INFO - [3.8%] 15,941/417,247 CIs | Guardadas: 4,000 (25% hit) | Vel: 14 CI/s | ETA: 476 min
2026-03-02 19:23:10,227 - INFO - [3.9%] 16,223/417,247 CIs | Guardadas: 4,000 (25% hit) | Vel: 14 CI/s | ETA: 474 min
2026-03-02 19:23:25,308 - INFO - [3.9%] 16,429/417,247 CIs | Guardadas: 6,000 (37% hit) | Vel: 14 CI/s | ETA: 474 min
2026-03-02 19:23:40,310 - INFO - [4.0%] 16,666/417,247 CIs | Guardadas: 6,000 (36% hit) | Vel: 14 CI/s | ETA: 473 min
2026-03-02 19:23:55,551 - INFO - [4.1%] 17,072/417,247 CIs | Guardadas: 6,000 (35% hit) | Vel: 14 CI/s | ETA: 467 min
2026-03-02 19:24:10,743 - INFO - [4.1%] 17,267/417,247 CIs | Guardadas: 6,000 (35% hit) | Vel: 14 CI/s | ETA: 468 min
2026-03-02 19:24:25,873 - INFO - [4.2%] 17,445/417,247 CIs | Guardadas: 6,000 (34% hit) | Vel: 14 CI/s | ETA: 468 min
2026-03-02 19:24:41,188 - INFO - [4.2%] 17,654/417,247 CIs | Guardadas: 6,000 (34% hit) | Vel: 14 CI/s | ETA: 468 min
2026-03-02 19:24:56,194 - INFO - [4.3%] 17,842/417,247 CIs | Guardadas: 6,000 (34% hit) | Vel: 14 CI/s | ETA: 469 min
2026-03-02 19:25:11,196 - INFO - [4.4%] 18,207/417,247 CIs | Guardadas: 6,000 (33% hit) | Vel: 14 CI/s | ETA: 464 min
2026-03-02 19:25:26,549 - INFO - [4.4%] 18,497/417,247 CIs | Guardadas: 6,000 (32% hit) | Vel: 14 CI/s | ETA: 462 min
2026-03-02 19:25:41,551 - INFO - [4.5%] 18,704/417,247 CIs | Guardadas: 6,000 (32% hit) | Vel: 14 CI/s | ETA: 462 min
2026-03-02 19:25:56,882 - INFO - [4.6%] 19,097/417,247 CIs | Guardadas: 6,000 (31% hit) | Vel: 14 CI/s | ETA: 458 min
2026-03-02 19:26:12,082 - INFO - [4.6%] 19,291/417,247 CIs | Guardadas: 6,000 (31% hit) | Vel: 14 CI/s | ETA: 458 min
2026-03-02 19:26:27,265 - INFO - [4.7%] 19,456/417,247 CIs | Guardadas: 6,000 (31% hit) | Vel: 14 CI/s | ETA: 459 min
2026-03-02 19:26:42,266 - INFO - [4.7%] 19,639/417,247 CIs | Guardadas: 6,000 (31% hit) | Vel: 14 CI/s | ETA: 460 min
2026-03-02 19:26:57,499 - INFO - [4.8%] 19,893/417,247 CIs | Guardadas: 6,000 (30% hit) | Vel: 14 CI/s | ETA: 459 min
2026-03-02 19:27:12,651 - INFO - [4.8%] 20,100/417,247 CIs | Guardadas: 6,000 (30% hit) | Vel: 14 CI/s | ETA: 459 min
2026-03-02 19:27:27,655 - INFO - [4.9%] 20,278/417,247 CIs | Guardadas: 6,000 (30% hit) | Vel: 14 CI/s | ETA: 459 min
2026-03-02 19:27:42,658 - INFO - [4.9%] 20,492/417,247 CIs | Guardadas: 6,000 (29% hit) | Vel: 14 CI/s | ETA: 459 min
2026-03-02 19:27:57,714 - INFO - [5.0%] 20,832/417,247 CIs | Guardadas: 6,000 (29% hit) | Vel: 14 CI/s | ETA: 456 min
2026-03-02 19:28:13,116 - INFO - [5.1%] 21,162/417,247 CIs | Guardadas: 6,000 (28% hit) | Vel: 15 CI/s | ETA: 453 min
2026-03-02 19:28:28,124 - INFO - [5.1%] 21,336/417,247 CIs | Guardadas: 8,000 (37% hit) | Vel: 15 CI/s | ETA: 454 min
2026-03-02 19:28:43,266 - INFO - [5.2%] 21,609/417,247 CIs | Guardadas: 8,000 (37% hit) | Vel: 15 CI/s | ETA: 453 min
2026-03-02 19:28:58,268 - INFO - [5.2%] 21,882/417,247 CIs | Guardadas: 8,000 (37% hit) | Vel: 15 CI/s | ETA: 451 min
2026-03-02 19:29:13,408 - INFO - [5.3%] 22,193/417,247 CIs | Guardadas: 8,000 (36% hit) | Vel: 15 CI/s | ETA: 449 min
2026-03-02 19:29:28,496 - INFO - [5.4%] 22,464/417,247 CIs | Guardadas: 8,000 (36% hit) | Vel: 15 CI/s | ETA: 448 min
2026-03-02 19:29:43,500 - INFO - [5.5%] 22,852/417,247 CIs | Guardadas: 8,000 (35% hit) | Vel: 15 CI/s | ETA: 444 min
2026-03-02 19:29:58,670 - INFO - [5.5%] 23,092/417,247 CIs | Guardadas: 8,000 (35% hit) | Vel: 15 CI/s | ETA: 444 min
2026-03-02 19:30:13,775 - INFO - [5.6%] 23,271/417,247 CIs | Guardadas: 8,000 (34% hit) | Vel: 15 CI/s | ETA: 444 min
2026-03-02 19:30:28,919 - INFO - [5.6%] 23,446/417,247 CIs | Guardadas: 8,000 (34% hit) | Vel: 15 CI/s | ETA: 445 min
2026-03-02 19:30:44,075 - INFO - [5.7%] 23,622/417,247 CIs | Guardadas: 8,000 (34% hit) | Vel: 15 CI/s | ETA: 446 min
2026-03-02 19:30:59,249 - INFO - [5.7%] 23,791/417,247 CIs | Guardadas: 8,000 (34% hit) | Vel: 15 CI/s | ETA: 446 min
2026-03-02 19:31:14,378 - INFO - [5.7%] 23,970/417,247 CIs | Guardadas: 8,000 (33% hit) | Vel: 15 CI/s | ETA: 447 min
2026-03-02 19:31:29,537 - INFO - [5.8%] 24,144/417,247 CIs | Guardadas: 8,000 (33% hit) | Vel: 15 CI/s | ETA: 448 min
2026-03-02 19:31:44,660 - INFO - [5.8%] 24,334/417,247 CIs | Guardadas: 8,000 (33% hit) | Vel: 15 CI/s | ETA: 448 min
2026-03-02 19:31:59,842 - INFO - [5.9%] 24,516/417,247 CIs | Guardadas: 8,000 (33% hit) | Vel: 15 CI/s | ETA: 449 min
2026-03-02 19:32:14,986 - INFO - [5.9%] 24,697/417,247 CIs | Guardadas: 8,000 (32% hit) | Vel: 15 CI/s | ETA: 449 min
2026-03-02 19:32:30,169 - INFO - [6.0%] 24,866/417,247 CIs | Guardadas: 8,000 (32% hit) | Vel: 15 CI/s | ETA: 450 min
2026-03-02 19:32:45,296 - INFO - [6.0%] 25,081/417,247 CIs | Guardadas: 8,000 (32% hit) | Vel: 15 CI/s | ETA: 450 min
2026-03-02 19:33:00,298 - INFO - [6.1%] 25,251/417,247 CIs | Guardadas: 8,000 (32% hit) | Vel: 15 CI/s | ETA: 450 min
2026-03-02 19:33:15,439 - INFO - [6.1%] 25,562/417,247 CIs | Guardadas: 8,000 (31% hit) | Vel: 15 CI/s | ETA: 448 min
2026-03-02 19:33:30,443 - INFO - [6.2%] 25,747/417,247 CIs | Guardadas: 8,000 (31% hit) | Vel: 15 CI/s | ETA: 449 min
2026-03-02 19:33:45,572 - INFO - [6.2%] 26,033/417,247 CIs | Guardadas: 8,000 (31% hit) | Vel: 15 CI/s | ETA: 447 min
2026-03-02 19:34:00,688 - INFO - [6.3%] 26,228/417,247 CIs | Guardadas: 8,000 (31% hit) | Vel: 15 CI/s | ETA: 448 min
2026-03-02 19:34:15,858 - INFO - [6.3%] 26,464/417,247 CIs | Guardadas: 8,000 (30% hit) | Vel: 15 CI/s | ETA: 447 min
2026-03-02 19:34:31,020 - INFO - [6.4%] 26,645/417,247 CIs | Guardadas: 8,000 (30% hit) | Vel: 15 CI/s | ETA: 447 min
2026-03-02 19:34:46,151 - INFO - [6.4%] 26,832/417,247 CIs | Guardadas: 8,000 (30% hit) | Vel: 15 CI/s | ETA: 448 min
2026-03-02 19:35:01,298 - INFO - [6.5%] 27,013/417,247 CIs | Guardadas: 10,000 (37% hit) | Vel: 15 CI/s | ETA: 448 min
2026-03-02 19:35:16,522 - INFO - [6.5%] 27,201/417,247 CIs | Guardadas: 10,000 (37% hit) | Vel: 14 CI/s | ETA: 449 min
2026-03-02 19:35:31,666 - INFO - [6.6%] 27,369/417,247 CIs | Guardadas: 10,000 (37% hit) | Vel: 14 CI/s | ETA: 449 min
2026-03-02 19:35:46,810 - INFO - [6.6%] 27,538/417,247 CIs | Guardadas: 10,000 (36% hit) | Vel: 14 CI/s | ETA: 450 min
2026-03-02 19:36:01,994 - INFO - [6.6%] 27,696/417,247 CIs | Guardadas: 10,000 (36% hit) | Vel: 14 CI/s | ETA: 451 min
2026-03-02 19:36:17,179 - INFO - [6.7%] 27,845/417,247 CIs | Guardadas: 10,000 (36% hit) | Vel: 14 CI/s | ETA: 452 min
2026-03-02 19:36:32,297 - INFO - [6.7%] 28,033/417,247 CIs | Guardadas: 10,000 (36% hit) | Vel: 14 CI/s | ETA: 452 min
2026-03-02 19:36:47,422 - INFO - [6.8%] 28,217/417,247 CIs | Guardadas: 10,000 (35% hit) | Vel: 14 CI/s | ETA: 452 min
2026-03-02 19:37:02,547 - INFO - [6.8%] 28,391/417,247 CIs | Guardadas: 10,000 (35% hit) | Vel: 14 CI/s | ETA: 453 min
2026-03-02 19:37:17,917 - INFO - [6.9%] 28,671/417,247 CIs | Guardadas: 10,000 (35% hit) | Vel: 14 CI/s | ETA: 451 min
2026-03-02 19:37:32,918 - INFO - [6.9%] 28,823/417,247 CIs | Guardadas: 10,000 (35% hit) | Vel: 14 CI/s | ETA: 452 min
2026-03-02 19:37:48,015 - INFO - [6.9%] 28,983/417,247 CIs | Guardadas: 10,000 (35% hit) | Vel: 14 CI/s | ETA: 453 min
2026-03-02 19:38:03,024 - INFO - [7.0%] 29,156/417,247 CIs | Guardadas: 10,000 (34% hit) | Vel: 14 CI/s | ETA: 453 min
2026-03-02 19:38:18,309 - INFO - [7.0%] 29,384/417,247 CIs | Guardadas: 10,000 (34% hit) | Vel: 14 CI/s | ETA: 453 min
2026-03-02 19:38:33,338 - INFO - [7.1%] 29,572/417,247 CIs | Guardadas: 10,000 (34% hit) | Vel: 14 CI/s | ETA: 453 min
2026-03-02 19:38:48,487 - INFO - [7.1%] 29,783/417,247 CIs | Guardadas: 10,000 (34% hit) | Vel: 14 CI/s | ETA: 453 min
2026-03-02 19:39:03,798 - INFO - [7.2%] 30,037/417,247 CIs | Guardadas: 10,000 (33% hit) | Vel: 14 CI/s | ETA: 452 min
2026-03-02 19:39:18,931 - INFO - [7.2%] 30,180/417,247 CIs | Guardadas: 10,000 (33% hit) | Vel: 14 CI/s | ETA: 453 min
2026-03-02 19:39:33,932 - INFO - [7.3%] 30,338/417,247 CIs | Guardadas: 10,000 (33% hit) | Vel: 14 CI/s | ETA: 454 min
2026-03-02 19:39:49,288 - INFO - [7.3%] 30,577/417,247 CIs | Guardadas: 10,000 (33% hit) | Vel: 14 CI/s | ETA: 453 min
2026-03-02 19:40:04,649 - INFO - [7.4%] 30,785/417,247 CIs | Guardadas: 10,000 (32% hit) | Vel: 14 CI/s | ETA: 453 min
2026-03-02 19:40:19,828 - INFO - [7.4%] 30,993/417,247 CIs | Guardadas: 10,000 (32% hit) | Vel: 14 CI/s | ETA: 453 min
2026-03-02 19:40:34,938 - INFO - [7.5%] 31,231/417,247 CIs | Guardadas: 10,000 (32% hit) | Vel: 14 CI/s | ETA: 452 min
2026-03-02 19:40:50,092 - INFO - [7.5%] 31,396/417,247 CIs | Guardadas: 10,000 (32% hit) | Vel: 14 CI/s | ETA: 453 min
2026-03-02 19:41:05,259 - INFO - [7.6%] 31,566/417,247 CIs | Guardadas: 10,000 (32% hit) | Vel: 14 CI/s | ETA: 453 min
2026-03-02 19:41:20,388 - INFO - [7.6%] 31,776/417,247 CIs | Guardadas: 10,000 (31% hit) | Vel: 14 CI/s | ETA: 453 min
2026-03-02 19:41:35,468 - INFO - [7.7%] 31,958/417,247 CIs | Guardadas: 10,000 (31% hit) | Vel: 14 CI/s | ETA: 453 min
2026-03-02 19:41:50,591 - INFO - [7.7%] 32,183/417,247 CIs | Guardadas: 12,000 (37% hit) | Vel: 14 CI/s | ETA: 453 min
2026-03-02 19:42:05,705 - INFO - [7.8%] 32,376/417,247 CIs | Guardadas: 12,000 (37% hit) | Vel: 14 CI/s | ETA: 453 min
2026-03-02 19:42:20,921 - INFO - [7.8%] 32,612/417,247 CIs | Guardadas: 12,000 (37% hit) | Vel: 14 CI/s | ETA: 452 min
2026-03-02 19:42:36,323 - INFO - [7.9%] 32,842/417,247 CIs | Guardadas: 12,000 (37% hit) | Vel: 14 CI/s | ETA: 452 min
2026-03-02 19:42:51,491 - INFO - [7.9%] 33,013/417,247 CIs | Guardadas: 12,000 (36% hit) | Vel: 14 CI/s | ETA: 452 min
2026-03-02 19:43:06,605 - INFO - [8.0%] 33,199/417,247 CIs | Guardadas: 12,000 (36% hit) | Vel: 14 CI/s | ETA: 453 min
2026-03-02 19:43:21,819 - INFO - [8.0%] 33,440/417,247 CIs | Guardadas: 12,000 (36% hit) | Vel: 14 CI/s | ETA: 452 min
2026-03-02 19:43:36,943 - INFO - [8.1%] 33,615/417,247 CIs | Guardadas: 12,000 (36% hit) | Vel: 14 CI/s | ETA: 452 min
2026-03-02 19:43:52,103 - INFO - [8.1%] 33,862/417,247 CIs | Guardadas: 12,000 (35% hit) | Vel: 14 CI/s | ETA: 451 min
2026-03-02 19:44:07,106 - INFO - [8.2%] 34,053/417,247 CIs | Guardadas: 12,000 (35% hit) | Vel: 14 CI/s | ETA: 452 min
2026-03-02 19:44:22,108 - INFO - [8.2%] 34,410/417,247 CIs | Guardadas: 12,000 (35% hit) | Vel: 14 CI/s | ETA: 449 min
2026-03-02 19:44:37,298 - INFO - [8.3%] 34,716/417,247 CIs | Guardadas: 12,000 (35% hit) | Vel: 14 CI/s | ETA: 448 min
2026-03-02 19:44:52,487 - INFO - [8.4%] 34,900/417,247 CIs | Guardadas: 12,000 (34% hit) | Vel: 14 CI/s | ETA: 448 min
2026-03-02 20:13:29,239 - INFO - Entorno Docker detectado, usando host 'db'
2026-03-02 20:13:29,600 - INFO - Tabla anr_padron_2026 verficada.
2026-03-02 20:13:29,734 - INFO - Auto-resume activado. Max CI en DB: 1,699,548 (Total: 286,105). Iniciando desde: 1,699,549
2026-03-02 20:13:29,751 - INFO - Verificando cédulas ya descargadas en rango 1699549-2000000...
2026-03-02 20:13:29,784 - INFO -   -> 0 cedulas ya descargadas, seran omitidas.
2026-03-02 20:13:29,801 - INFO - Quedan 300452 cedulas por descargar.
2026-03-02 20:13:29,802 - INFO - Iniciando descarga de 300452 cedulas con concurrencia=100...
2026-03-02 20:13:44,950 - INFO - [0.1%] 326/300,452 CIs | Guardadas: 0 (0% hit) | Vel: 22 CI/s | ETA: 232 min
2026-03-02 20:13:59,952 - INFO - [0.2%] 683/300,452 CIs | Guardadas: 0 (0% hit) | Vel: 23 CI/s | ETA: 221 min
2026-03-02 20:14:15,073 - INFO - [0.3%] 1,031/300,452 CIs | Guardadas: 0 (0% hit) | Vel: 23 CI/s | ETA: 219 min
2026-03-02 20:14:30,075 - INFO - [0.5%] 1,401/300,452 CIs | Guardadas: 0 (0% hit) | Vel: 23 CI/s | ETA: 214 min
2026-03-02 20:14:45,073 - INFO - [0.6%] 1,800/300,452 CIs | Guardadas: 0 (0% hit) | Vel: 24 CI/s | ETA: 208 min
2026-03-02 20:15:00,077 - INFO - [0.7%] 2,171/300,452 CIs | Guardadas: 0 (0% hit) | Vel: 24 CI/s | ETA: 207 min
2026-03-02 20:15:15,075 - INFO - [0.9%] 2,602/300,452 CIs | Guardadas: 0 (0% hit) | Vel: 25 CI/s | ETA: 201 min
2026-03-02 20:15:30,075 - INFO - [1.0%] 3,076/300,452 CIs | Guardadas: 0 (0% hit) | Vel: 26 CI/s | ETA: 194 min
2026-03-02 20:15:45,075 - INFO - [1.2%] 3,558/300,452 CIs | Guardadas: 0 (0% hit) | Vel: 26 CI/s | ETA: 188 min
2026-03-02 20:16:00,076 - INFO - [1.3%] 3,973/300,452 CIs | Guardadas: 0 (0% hit) | Vel: 26 CI/s | ETA: 187 min
2026-03-02 20:16:15,075 - INFO - [1.5%] 4,418/300,452 CIs | Guardadas: 0 (0% hit) | Vel: 27 CI/s | ETA: 185 min
2026-03-02 20:16:30,077 - INFO - [1.6%] 4,867/300,452 CIs | Guardadas: 0 (0% hit) | Vel: 27 CI/s | ETA: 182 min
2026-03-02 20:16:45,076 - INFO - [1.8%] 5,272/300,452 CIs | Guardadas: 2,000 (38% hit) | Vel: 27 CI/s | ETA: 182 min
2026-03-02 20:17:00,077 - INFO - [1.9%] 5,639/300,452 CIs | Guardadas: 2,000 (35% hit) | Vel: 27 CI/s | ETA: 183 min
2026-03-02 20:17:15,079 - INFO - [2.0%] 6,032/300,452 CIs | Guardadas: 2,000 (33% hit) | Vel: 27 CI/s | ETA: 183 min
2026-03-02 20:17:30,081 - INFO - [2.2%] 6,460/300,452 CIs | Guardadas: 2,000 (31% hit) | Vel: 27 CI/s | ETA: 182 min
2026-03-02 20:17:45,078 - INFO - [2.3%] 6,909/300,452 CIs | Guardadas: 2,000 (29% hit) | Vel: 27 CI/s | ETA: 181 min
2026-03-02 20:18:00,156 - INFO - [2.4%] 7,317/300,452 CIs | Guardadas: 2,000 (27% hit) | Vel: 27 CI/s | ETA: 181 min
2026-03-02 20:18:15,153 - INFO - [2.5%] 7,636/300,452 CIs | Guardadas: 2,000 (26% hit) | Vel: 27 CI/s | ETA: 182 min
2026-03-02 20:18:30,155 - INFO - [2.6%] 7,952/300,452 CIs | Guardadas: 2,000 (25% hit) | Vel: 26 CI/s | ETA: 184 min
2026-03-02 20:18:45,154 - INFO - [2.8%] 8,355/300,452 CIs | Guardadas: 2,000 (24% hit) | Vel: 26 CI/s | ETA: 184 min
2026-03-02 20:19:00,156 - INFO - [2.9%] 8,784/300,452 CIs | Guardadas: 2,000 (23% hit) | Vel: 27 CI/s | ETA: 183 min
2026-03-02 20:19:15,153 - INFO - [3.1%] 9,181/300,452 CIs | Guardadas: 2,000 (22% hit) | Vel: 27 CI/s | ETA: 183 min
2026-03-02 20:19:30,155 - INFO - [3.2%] 9,560/300,452 CIs | Guardadas: 2,000 (21% hit) | Vel: 27 CI/s | ETA: 183 min
2026-03-02 20:19:45,154 - INFO - [3.3%] 9,921/300,452 CIs | Guardadas: 2,000 (20% hit) | Vel: 26 CI/s | ETA: 183 min
2026-03-02 20:20:00,155 - INFO - [3.4%] 10,341/300,452 CIs | Guardadas: 4,000 (39% hit) | Vel: 26 CI/s | ETA: 183 min
2026-03-02 20:20:15,152 - INFO - [3.6%] 10,751/300,452 CIs | Guardadas: 4,000 (37% hit) | Vel: 27 CI/s | ETA: 182 min
2026-03-02 20:20:30,154 - INFO - [3.7%] 11,104/300,452 CIs | Guardadas: 4,000 (36% hit) | Vel: 26 CI/s | ETA: 183 min
2026-03-02 20:20:45,159 - INFO - [3.8%] 11,540/300,452 CIs | Guardadas: 4,000 (35% hit) | Vel: 27 CI/s | ETA: 182 min
2026-03-02 20:21:00,160 - INFO - [3.9%] 11,862/300,452 CIs | Guardadas: 4,000 (34% hit) | Vel: 26 CI/s | ETA: 183 min
2026-03-02 20:21:15,157 - INFO - [4.1%] 12,253/300,452 CIs | Guardadas: 4,000 (33% hit) | Vel: 26 CI/s | ETA: 182 min
2026-03-02 20:21:30,158 - INFO - [4.2%] 12,631/300,452 CIs | Guardadas: 4,000 (32% hit) | Vel: 26 CI/s | ETA: 182 min
2026-03-02 20:21:45,157 - INFO - [4.3%] 13,049/300,452 CIs | Guardadas: 4,000 (31% hit) | Vel: 26 CI/s | ETA: 182 min
2026-03-02 20:22:00,158 - INFO - [4.5%] 13,488/300,452 CIs | Guardadas: 4,000 (30% hit) | Vel: 26 CI/s | ETA: 181 min
2026-03-02 20:22:15,156 - INFO - [4.5%] 13,629/300,452 CIs | Guardadas: 4,000 (29% hit) | Vel: 26 CI/s | ETA: 184 min
2026-03-02 20:22:30,158 - INFO - [4.6%] 13,723/300,452 CIs | Guardadas: 4,000 (29% hit) | Vel: 25 CI/s | ETA: 188 min
2026-03-02 20:22:45,158 - INFO - [4.6%] 13,842/300,452 CIs | Guardadas: 4,000 (29% hit) | Vel: 25 CI/s | ETA: 192 min
